main.py[LINE:13]# DEBUG    [2019-07-01 15:05:44,300]  This is a debug message
main.py[LINE:14]# INFO     [2019-07-01 15:05:44,300]  Informational message
main.py[LINE:15]# ERROR    [2019-07-01 15:05:44,300]  An error has happened!
_internal.py[LINE:122]# WARNING  [2019-07-01 15:05:44,348]   * Debugger is active!
_internal.py[LINE:122]# INFO     [2019-07-01 15:05:44,349]   * Debugger PIN: 292-824-552
view.py[LINE:27]# INFO     [2019-07-01 15:10:01,943]  *-*-*-*-*-* start GET (Department  LIST)*-*-*-*-*-*-*
_internal.py[LINE:122]# INFO     [2019-07-01 15:10:02,079]  127.0.0.1 - - [01/Jul/2019 15:10:02] "GET /department HTTP/1.1" 200 -
view.py[LINE:59]# INFO     [2019-07-01 15:10:02,094]  *-*-*-*-*-* start GET (workers_ LIST)*-*-*-*-*-*-*
view.py[LINE:118]# INFO     [2019-07-01 15:10:02,101]  *-*-*-*-*-* start GET (Department  LIST)*-*-*-*-*-*-*
view.py[LINE:118]# INFO     [2019-07-01 15:10:02,106]  *-*-*-*-*-* start GET (Department  LIST)*-*-*-*-*-*-*
view.py[LINE:118]# INFO     [2019-07-01 15:10:02,111]  *-*-*-*-*-* start GET (Department  LIST)*-*-*-*-*-*-*
view.py[LINE:118]# INFO     [2019-07-01 15:10:02,116]  *-*-*-*-*-* start GET (Department  LIST)*-*-*-*-*-*-*
view.py[LINE:118]# INFO     [2019-07-01 15:10:02,122]  *-*-*-*-*-* start GET (Department  LIST)*-*-*-*-*-*-*
view.py[LINE:118]# INFO     [2019-07-01 15:10:02,127]  *-*-*-*-*-* start GET (Department  LIST)*-*-*-*-*-*-*
view.py[LINE:118]# INFO     [2019-07-01 15:10:02,135]  *-*-*-*-*-* start GET (Department  LIST)*-*-*-*-*-*-*
view.py[LINE:118]# INFO     [2019-07-01 15:10:02,140]  *-*-*-*-*-* start GET (Department  LIST)*-*-*-*-*-*-*
view.py[LINE:118]# INFO     [2019-07-01 15:10:02,144]  *-*-*-*-*-* start GET (Department  LIST)*-*-*-*-*-*-*
view.py[LINE:118]# INFO     [2019-07-01 15:10:02,151]  *-*-*-*-*-* start GET (Department  LIST)*-*-*-*-*-*-*
_internal.py[LINE:122]# INFO     [2019-07-01 15:10:02,162]  127.0.0.1 - - [01/Jul/2019 15:10:02] "GET /worker HTTP/1.1" 200 -
view.py[LINE:27]# INFO     [2019-07-01 15:10:06,676]  *-*-*-*-*-* start GET (Department  LIST)*-*-*-*-*-*-*
_internal.py[LINE:122]# INFO     [2019-07-01 15:10:06,690]  127.0.0.1 - - [01/Jul/2019 15:10:06] "GET /department HTTP/1.1" 200 -
view.py[LINE:59]# INFO     [2019-07-01 15:10:06,705]  *-*-*-*-*-* start GET (workers_ LIST)*-*-*-*-*-*-*
view.py[LINE:118]# INFO     [2019-07-01 15:10:06,712]  *-*-*-*-*-* start GET (Department  LIST)*-*-*-*-*-*-*
view.py[LINE:118]# INFO     [2019-07-01 15:10:06,720]  *-*-*-*-*-* start GET (Department  LIST)*-*-*-*-*-*-*
view.py[LINE:118]# INFO     [2019-07-01 15:10:06,728]  *-*-*-*-*-* start GET (Department  LIST)*-*-*-*-*-*-*
view.py[LINE:118]# INFO     [2019-07-01 15:10:06,731]  *-*-*-*-*-* start GET (Department  LIST)*-*-*-*-*-*-*
view.py[LINE:118]# INFO     [2019-07-01 15:10:06,738]  *-*-*-*-*-* start GET (Department  LIST)*-*-*-*-*-*-*
view.py[LINE:118]# INFO     [2019-07-01 15:10:06,743]  *-*-*-*-*-* start GET (Department  LIST)*-*-*-*-*-*-*
view.py[LINE:118]# INFO     [2019-07-01 15:10:06,747]  *-*-*-*-*-* start GET (Department  LIST)*-*-*-*-*-*-*
view.py[LINE:118]# INFO     [2019-07-01 15:10:06,753]  *-*-*-*-*-* start GET (Department  LIST)*-*-*-*-*-*-*
view.py[LINE:118]# INFO     [2019-07-01 15:10:06,757]  *-*-*-*-*-* start GET (Department  LIST)*-*-*-*-*-*-*
view.py[LINE:118]# INFO     [2019-07-01 15:10:06,760]  *-*-*-*-*-* start GET (Department  LIST)*-*-*-*-*-*-*
_internal.py[LINE:122]# INFO     [2019-07-01 15:10:06,765]  127.0.0.1 - - [01/Jul/2019 15:10:06] "GET /worker HTTP/1.1" 200 -
view.py[LINE:27]# INFO     [2019-07-01 15:11:53,143]  *-*-*-*-*-* start GET (Department  LIST)*-*-*-*-*-*-*
_internal.py[LINE:122]# INFO     [2019-07-01 15:11:53,149]  127.0.0.1 - - [01/Jul/2019 15:11:53] "GET /department HTTP/1.1" 200 -
view.py[LINE:59]# INFO     [2019-07-01 15:11:53,164]  *-*-*-*-*-* start GET (workers_ LIST)*-*-*-*-*-*-*
view.py[LINE:118]# INFO     [2019-07-01 15:11:53,169]  *-*-*-*-*-* start GET (Department  LIST)*-*-*-*-*-*-*
view.py[LINE:118]# INFO     [2019-07-01 15:11:53,177]  *-*-*-*-*-* start GET (Department  LIST)*-*-*-*-*-*-*
view.py[LINE:118]# INFO     [2019-07-01 15:11:53,184]  *-*-*-*-*-* start GET (Department  LIST)*-*-*-*-*-*-*
view.py[LINE:118]# INFO     [2019-07-01 15:11:53,189]  *-*-*-*-*-* start GET (Department  LIST)*-*-*-*-*-*-*
view.py[LINE:118]# INFO     [2019-07-01 15:11:53,194]  *-*-*-*-*-* start GET (Department  LIST)*-*-*-*-*-*-*
view.py[LINE:118]# INFO     [2019-07-01 15:11:53,200]  *-*-*-*-*-* start GET (Department  LIST)*-*-*-*-*-*-*
view.py[LINE:118]# INFO     [2019-07-01 15:11:53,205]  *-*-*-*-*-* start GET (Department  LIST)*-*-*-*-*-*-*
view.py[LINE:118]# INFO     [2019-07-01 15:11:53,213]  *-*-*-*-*-* start GET (Department  LIST)*-*-*-*-*-*-*
view.py[LINE:118]# INFO     [2019-07-01 15:11:53,217]  *-*-*-*-*-* start GET (Department  LIST)*-*-*-*-*-*-*
view.py[LINE:118]# INFO     [2019-07-01 15:11:53,223]  *-*-*-*-*-* start GET (Department  LIST)*-*-*-*-*-*-*
_internal.py[LINE:122]# INFO     [2019-07-01 15:11:53,231]  127.0.0.1 - - [01/Jul/2019 15:11:53] "GET /worker HTTP/1.1" 200 -
view.py[LINE:27]# INFO     [2019-07-01 15:13:48,453]  *-*-*-*-*-* start GET (Department  LIST)*-*-*-*-*-*-*
_internal.py[LINE:122]# INFO     [2019-07-01 15:13:48,462]  127.0.0.1 - - [01/Jul/2019 15:13:48] "GET /department HTTP/1.1" 200 -
view.py[LINE:59]# INFO     [2019-07-01 15:13:48,477]  *-*-*-*-*-* start GET (workers_ LIST)*-*-*-*-*-*-*
view.py[LINE:118]# INFO     [2019-07-01 15:13:48,485]  *-*-*-*-*-* start GET (Department  LIST)*-*-*-*-*-*-*
view.py[LINE:118]# INFO     [2019-07-01 15:13:48,493]  *-*-*-*-*-* start GET (Department  LIST)*-*-*-*-*-*-*
view.py[LINE:118]# INFO     [2019-07-01 15:13:48,500]  *-*-*-*-*-* start GET (Department  LIST)*-*-*-*-*-*-*
view.py[LINE:118]# INFO     [2019-07-01 15:13:48,505]  *-*-*-*-*-* start GET (Department  LIST)*-*-*-*-*-*-*
view.py[LINE:118]# INFO     [2019-07-01 15:13:48,512]  *-*-*-*-*-* start GET (Department  LIST)*-*-*-*-*-*-*
view.py[LINE:118]# INFO     [2019-07-01 15:13:48,518]  *-*-*-*-*-* start GET (Department  LIST)*-*-*-*-*-*-*
view.py[LINE:118]# INFO     [2019-07-01 15:13:48,523]  *-*-*-*-*-* start GET (Department  LIST)*-*-*-*-*-*-*
view.py[LINE:118]# INFO     [2019-07-01 15:13:48,532]  *-*-*-*-*-* start GET (Department  LIST)*-*-*-*-*-*-*
view.py[LINE:118]# INFO     [2019-07-01 15:13:48,536]  *-*-*-*-*-* start GET (Department  LIST)*-*-*-*-*-*-*
view.py[LINE:118]# INFO     [2019-07-01 15:13:48,541]  *-*-*-*-*-* start GET (Department  LIST)*-*-*-*-*-*-*
_internal.py[LINE:122]# INFO     [2019-07-01 15:13:48,548]  127.0.0.1 - - [01/Jul/2019 15:13:48] "GET /worker HTTP/1.1" 200 -
view.py[LINE:27]# INFO     [2019-07-01 15:14:07,887]  *-*-*-*-*-* start GET (Department  LIST)*-*-*-*-*-*-*
_internal.py[LINE:122]# INFO     [2019-07-01 15:14:07,899]  127.0.0.1 - - [01/Jul/2019 15:14:07] "GET /department HTTP/1.1" 200 -
view.py[LINE:59]# INFO     [2019-07-01 15:14:07,913]  *-*-*-*-*-* start GET (workers_ LIST)*-*-*-*-*-*-*
view.py[LINE:118]# INFO     [2019-07-01 15:14:07,918]  *-*-*-*-*-* start GET (Department  LIST)*-*-*-*-*-*-*
view.py[LINE:118]# INFO     [2019-07-01 15:14:07,923]  *-*-*-*-*-* start GET (Department  LIST)*-*-*-*-*-*-*
view.py[LINE:118]# INFO     [2019-07-01 15:14:07,929]  *-*-*-*-*-* start GET (Department  LIST)*-*-*-*-*-*-*
view.py[LINE:118]# INFO     [2019-07-01 15:14:07,933]  *-*-*-*-*-* start GET (Department  LIST)*-*-*-*-*-*-*
view.py[LINE:118]# INFO     [2019-07-01 15:14:07,936]  *-*-*-*-*-* start GET (Department  LIST)*-*-*-*-*-*-*
view.py[LINE:118]# INFO     [2019-07-01 15:14:07,941]  *-*-*-*-*-* start GET (Department  LIST)*-*-*-*-*-*-*
view.py[LINE:118]# INFO     [2019-07-01 15:14:07,945]  *-*-*-*-*-* start GET (Department  LIST)*-*-*-*-*-*-*
view.py[LINE:118]# INFO     [2019-07-01 15:14:07,949]  *-*-*-*-*-* start GET (Department  LIST)*-*-*-*-*-*-*
view.py[LINE:118]# INFO     [2019-07-01 15:14:07,953]  *-*-*-*-*-* start GET (Department  LIST)*-*-*-*-*-*-*
view.py[LINE:118]# INFO     [2019-07-01 15:14:07,957]  *-*-*-*-*-* start GET (Department  LIST)*-*-*-*-*-*-*
_internal.py[LINE:122]# INFO     [2019-07-01 15:14:07,963]  127.0.0.1 - - [01/Jul/2019 15:14:07] "GET /worker HTTP/1.1" 200 -
view.py[LINE:27]# INFO     [2019-07-01 15:14:10,727]  *-*-*-*-*-* start GET (Department  LIST)*-*-*-*-*-*-*
_internal.py[LINE:122]# INFO     [2019-07-01 15:14:10,736]  127.0.0.1 - - [01/Jul/2019 15:14:10] "GET /department HTTP/1.1" 200 -
view.py[LINE:59]# INFO     [2019-07-01 15:14:10,749]  *-*-*-*-*-* start GET (workers_ LIST)*-*-*-*-*-*-*
view.py[LINE:118]# INFO     [2019-07-01 15:14:10,754]  *-*-*-*-*-* start GET (Department  LIST)*-*-*-*-*-*-*
view.py[LINE:118]# INFO     [2019-07-01 15:14:10,762]  *-*-*-*-*-* start GET (Department  LIST)*-*-*-*-*-*-*
view.py[LINE:118]# INFO     [2019-07-01 15:14:10,768]  *-*-*-*-*-* start GET (Department  LIST)*-*-*-*-*-*-*
view.py[LINE:118]# INFO     [2019-07-01 15:14:10,771]  *-*-*-*-*-* start GET (Department  LIST)*-*-*-*-*-*-*
view.py[LINE:118]# INFO     [2019-07-01 15:14:10,779]  *-*-*-*-*-* start GET (Department  LIST)*-*-*-*-*-*-*
view.py[LINE:118]# INFO     [2019-07-01 15:14:10,787]  *-*-*-*-*-* start GET (Department  LIST)*-*-*-*-*-*-*
view.py[LINE:118]# INFO     [2019-07-01 15:14:10,793]  *-*-*-*-*-* start GET (Department  LIST)*-*-*-*-*-*-*
view.py[LINE:118]# INFO     [2019-07-01 15:14:10,799]  *-*-*-*-*-* start GET (Department  LIST)*-*-*-*-*-*-*
view.py[LINE:118]# INFO     [2019-07-01 15:14:10,805]  *-*-*-*-*-* start GET (Department  LIST)*-*-*-*-*-*-*
view.py[LINE:118]# INFO     [2019-07-01 15:14:10,816]  *-*-*-*-*-* start GET (Department  LIST)*-*-*-*-*-*-*
_internal.py[LINE:122]# INFO     [2019-07-01 15:14:10,827]  127.0.0.1 - - [01/Jul/2019 15:14:10] "GET /worker HTTP/1.1" 200 -
view.py[LINE:37]# INFO     [2019-07-01 15:28:26,722]  *-*-*-*-*-* start POST (Department  LIST)*-*-*-*-*-*-*
view.py[LINE:38]# INFO     [2019-07-01 15:28:26,723]  start POST
_internal.py[LINE:122]# INFO     [2019-07-01 15:28:26,746]  127.0.0.1 - - [01/Jul/2019 15:28:26] "POST /department HTTP/1.1" 500 -
view.py[LINE:27]# INFO     [2019-07-01 15:28:26,762]  *-*-*-*-*-* start GET (Department  LIST)*-*-*-*-*-*-*
_internal.py[LINE:122]# INFO     [2019-07-01 15:28:26,825]  127.0.0.1 - - [01/Jul/2019 15:28:26] "GET /department?fullname=Vasilij&department_id=3&birthday=1993-02-09&salary=800 HTTP/1.1" 200 -
view.py[LINE:59]# INFO     [2019-07-01 15:28:26,838]  *-*-*-*-*-* start GET (workers_ LIST)*-*-*-*-*-*-*
view.py[LINE:118]# INFO     [2019-07-01 15:28:26,844]  *-*-*-*-*-* start GET (Department  LIST)*-*-*-*-*-*-*
view.py[LINE:118]# INFO     [2019-07-01 15:28:26,853]  *-*-*-*-*-* start GET (Department  LIST)*-*-*-*-*-*-*
view.py[LINE:118]# INFO     [2019-07-01 15:28:26,859]  *-*-*-*-*-* start GET (Department  LIST)*-*-*-*-*-*-*
view.py[LINE:118]# INFO     [2019-07-01 15:28:26,864]  *-*-*-*-*-* start GET (Department  LIST)*-*-*-*-*-*-*
view.py[LINE:118]# INFO     [2019-07-01 15:28:26,872]  *-*-*-*-*-* start GET (Department  LIST)*-*-*-*-*-*-*
view.py[LINE:118]# INFO     [2019-07-01 15:28:26,877]  *-*-*-*-*-* start GET (Department  LIST)*-*-*-*-*-*-*
view.py[LINE:118]# INFO     [2019-07-01 15:28:26,881]  *-*-*-*-*-* start GET (Department  LIST)*-*-*-*-*-*-*
view.py[LINE:118]# INFO     [2019-07-01 15:28:26,888]  *-*-*-*-*-* start GET (Department  LIST)*-*-*-*-*-*-*
view.py[LINE:118]# INFO     [2019-07-01 15:28:26,893]  *-*-*-*-*-* start GET (Department  LIST)*-*-*-*-*-*-*
view.py[LINE:118]# INFO     [2019-07-01 15:28:26,897]  *-*-*-*-*-* start GET (Department  LIST)*-*-*-*-*-*-*
_internal.py[LINE:122]# INFO     [2019-07-01 15:28:26,907]  127.0.0.1 - - [01/Jul/2019 15:28:26] "GET /worker?fullname=Vasilij&department_id=3&birthday=1993-02-09&salary=800 HTTP/1.1" 200 -
view.py[LINE:37]# INFO     [2019-07-01 15:28:34,232]  *-*-*-*-*-* start POST (Department  LIST)*-*-*-*-*-*-*
view.py[LINE:38]# INFO     [2019-07-01 15:28:34,233]  start POST
_internal.py[LINE:122]# INFO     [2019-07-01 15:28:34,257]  127.0.0.1 - - [01/Jul/2019 15:28:34] "POST /department HTTP/1.1" 500 -
view.py[LINE:27]# INFO     [2019-07-01 15:28:34,271]  *-*-*-*-*-* start GET (Department  LIST)*-*-*-*-*-*-*
_internal.py[LINE:122]# INFO     [2019-07-01 15:28:34,279]  127.0.0.1 - - [01/Jul/2019 15:28:34] "GET /department?fullname=Vasilij&department_id=3&birthday=1993-02-09&salary=800 HTTP/1.1" 200 -
view.py[LINE:59]# INFO     [2019-07-01 15:28:34,294]  *-*-*-*-*-* start GET (workers_ LIST)*-*-*-*-*-*-*
view.py[LINE:118]# INFO     [2019-07-01 15:28:34,300]  *-*-*-*-*-* start GET (Department  LIST)*-*-*-*-*-*-*
view.py[LINE:118]# INFO     [2019-07-01 15:28:34,307]  *-*-*-*-*-* start GET (Department  LIST)*-*-*-*-*-*-*
view.py[LINE:118]# INFO     [2019-07-01 15:28:34,316]  *-*-*-*-*-* start GET (Department  LIST)*-*-*-*-*-*-*
view.py[LINE:118]# INFO     [2019-07-01 15:28:34,322]  *-*-*-*-*-* start GET (Department  LIST)*-*-*-*-*-*-*
view.py[LINE:118]# INFO     [2019-07-01 15:28:34,328]  *-*-*-*-*-* start GET (Department  LIST)*-*-*-*-*-*-*
view.py[LINE:118]# INFO     [2019-07-01 15:28:34,334]  *-*-*-*-*-* start GET (Department  LIST)*-*-*-*-*-*-*
view.py[LINE:118]# INFO     [2019-07-01 15:28:34,339]  *-*-*-*-*-* start GET (Department  LIST)*-*-*-*-*-*-*
view.py[LINE:118]# INFO     [2019-07-01 15:28:34,345]  *-*-*-*-*-* start GET (Department  LIST)*-*-*-*-*-*-*
view.py[LINE:118]# INFO     [2019-07-01 15:28:34,352]  *-*-*-*-*-* start GET (Department  LIST)*-*-*-*-*-*-*
view.py[LINE:118]# INFO     [2019-07-01 15:28:34,358]  *-*-*-*-*-* start GET (Department  LIST)*-*-*-*-*-*-*
_internal.py[LINE:122]# INFO     [2019-07-01 15:28:34,368]  127.0.0.1 - - [01/Jul/2019 15:28:34] "GET /worker?fullname=Vasilij&department_id=3&birthday=1993-02-09&salary=800 HTTP/1.1" 200 -
view.py[LINE:37]# INFO     [2019-07-01 15:30:16,886]  *-*-*-*-*-* start POST (Department  LIST)*-*-*-*-*-*-*
view.py[LINE:38]# INFO     [2019-07-01 15:30:16,887]  start POST
_internal.py[LINE:122]# INFO     [2019-07-01 15:30:16,918]  127.0.0.1 - - [01/Jul/2019 15:30:16] "POST /department HTTP/1.1" 500 -
view.py[LINE:27]# INFO     [2019-07-01 15:30:16,950]  *-*-*-*-*-* start GET (Department  LIST)*-*-*-*-*-*-*
_internal.py[LINE:122]# INFO     [2019-07-01 15:30:16,966]  127.0.0.1 - - [01/Jul/2019 15:30:16] "GET /department HTTP/1.1" 200 -
view.py[LINE:59]# INFO     [2019-07-01 15:30:16,995]  *-*-*-*-*-* start GET (workers_ LIST)*-*-*-*-*-*-*
view.py[LINE:118]# INFO     [2019-07-01 15:30:17,003]  *-*-*-*-*-* start GET (Department  LIST)*-*-*-*-*-*-*
view.py[LINE:118]# INFO     [2019-07-01 15:30:17,013]  *-*-*-*-*-* start GET (Department  LIST)*-*-*-*-*-*-*
view.py[LINE:118]# INFO     [2019-07-01 15:30:17,019]  *-*-*-*-*-* start GET (Department  LIST)*-*-*-*-*-*-*
view.py[LINE:118]# INFO     [2019-07-01 15:30:17,025]  *-*-*-*-*-* start GET (Department  LIST)*-*-*-*-*-*-*
view.py[LINE:118]# INFO     [2019-07-01 15:30:17,031]  *-*-*-*-*-* start GET (Department  LIST)*-*-*-*-*-*-*
view.py[LINE:118]# INFO     [2019-07-01 15:30:17,038]  *-*-*-*-*-* start GET (Department  LIST)*-*-*-*-*-*-*
view.py[LINE:118]# INFO     [2019-07-01 15:30:17,045]  *-*-*-*-*-* start GET (Department  LIST)*-*-*-*-*-*-*
view.py[LINE:118]# INFO     [2019-07-01 15:30:17,052]  *-*-*-*-*-* start GET (Department  LIST)*-*-*-*-*-*-*
view.py[LINE:118]# INFO     [2019-07-01 15:30:17,059]  *-*-*-*-*-* start GET (Department  LIST)*-*-*-*-*-*-*
view.py[LINE:118]# INFO     [2019-07-01 15:30:17,065]  *-*-*-*-*-* start GET (Department  LIST)*-*-*-*-*-*-*
_internal.py[LINE:122]# INFO     [2019-07-01 15:30:17,077]  127.0.0.1 - - [01/Jul/2019 15:30:17] "GET /worker HTTP/1.1" 200 -
view.py[LINE:37]# INFO     [2019-07-01 15:30:28,458]  *-*-*-*-*-* start POST (Department  LIST)*-*-*-*-*-*-*
view.py[LINE:38]# INFO     [2019-07-01 15:30:28,458]  start POST
_internal.py[LINE:122]# INFO     [2019-07-01 15:30:28,486]  127.0.0.1 - - [01/Jul/2019 15:30:28] "POST /department HTTP/1.1" 500 -
view.py[LINE:27]# INFO     [2019-07-01 15:30:28,499]  *-*-*-*-*-* start GET (Department  LIST)*-*-*-*-*-*-*
_internal.py[LINE:122]# INFO     [2019-07-01 15:30:28,508]  127.0.0.1 - - [01/Jul/2019 15:30:28] "GET /department HTTP/1.1" 200 -
view.py[LINE:59]# INFO     [2019-07-01 15:30:28,524]  *-*-*-*-*-* start GET (workers_ LIST)*-*-*-*-*-*-*
view.py[LINE:118]# INFO     [2019-07-01 15:30:28,538]  *-*-*-*-*-* start GET (Department  LIST)*-*-*-*-*-*-*
view.py[LINE:118]# INFO     [2019-07-01 15:30:28,543]  *-*-*-*-*-* start GET (Department  LIST)*-*-*-*-*-*-*
view.py[LINE:118]# INFO     [2019-07-01 15:30:28,547]  *-*-*-*-*-* start GET (Department  LIST)*-*-*-*-*-*-*
view.py[LINE:118]# INFO     [2019-07-01 15:30:28,551]  *-*-*-*-*-* start GET (Department  LIST)*-*-*-*-*-*-*
view.py[LINE:118]# INFO     [2019-07-01 15:30:28,555]  *-*-*-*-*-* start GET (Department  LIST)*-*-*-*-*-*-*
view.py[LINE:118]# INFO     [2019-07-01 15:30:28,563]  *-*-*-*-*-* start GET (Department  LIST)*-*-*-*-*-*-*
view.py[LINE:118]# INFO     [2019-07-01 15:30:28,569]  *-*-*-*-*-* start GET (Department  LIST)*-*-*-*-*-*-*
view.py[LINE:118]# INFO     [2019-07-01 15:30:28,575]  *-*-*-*-*-* start GET (Department  LIST)*-*-*-*-*-*-*
view.py[LINE:118]# INFO     [2019-07-01 15:30:28,582]  *-*-*-*-*-* start GET (Department  LIST)*-*-*-*-*-*-*
view.py[LINE:118]# INFO     [2019-07-01 15:30:28,587]  *-*-*-*-*-* start GET (Department  LIST)*-*-*-*-*-*-*
_internal.py[LINE:122]# INFO     [2019-07-01 15:30:28,593]  127.0.0.1 - - [01/Jul/2019 15:30:28] "GET /worker HTTP/1.1" 200 -
view.py[LINE:37]# INFO     [2019-07-01 15:32:20,972]  *-*-*-*-*-* start POST (Department  LIST)*-*-*-*-*-*-*
view.py[LINE:38]# INFO     [2019-07-01 15:32:20,973]  start POST
_internal.py[LINE:122]# INFO     [2019-07-01 15:32:20,999]  127.0.0.1 - - [01/Jul/2019 15:32:20] "POST /department HTTP/1.1" 500 -
view.py[LINE:27]# INFO     [2019-07-01 15:32:21,017]  *-*-*-*-*-* start GET (Department  LIST)*-*-*-*-*-*-*
_internal.py[LINE:122]# INFO     [2019-07-01 15:32:21,028]  127.0.0.1 - - [01/Jul/2019 15:32:21] "GET /department HTTP/1.1" 200 -
view.py[LINE:59]# INFO     [2019-07-01 15:32:21,044]  *-*-*-*-*-* start GET (workers_ LIST)*-*-*-*-*-*-*
view.py[LINE:118]# INFO     [2019-07-01 15:32:21,051]  *-*-*-*-*-* start GET (Department  LIST)*-*-*-*-*-*-*
view.py[LINE:118]# INFO     [2019-07-01 15:32:21,062]  *-*-*-*-*-* start GET (Department  LIST)*-*-*-*-*-*-*
view.py[LINE:118]# INFO     [2019-07-01 15:32:21,068]  *-*-*-*-*-* start GET (Department  LIST)*-*-*-*-*-*-*
view.py[LINE:118]# INFO     [2019-07-01 15:32:21,074]  *-*-*-*-*-* start GET (Department  LIST)*-*-*-*-*-*-*
view.py[LINE:118]# INFO     [2019-07-01 15:32:21,081]  *-*-*-*-*-* start GET (Department  LIST)*-*-*-*-*-*-*
view.py[LINE:118]# INFO     [2019-07-01 15:32:21,086]  *-*-*-*-*-* start GET (Department  LIST)*-*-*-*-*-*-*
view.py[LINE:118]# INFO     [2019-07-01 15:32:21,093]  *-*-*-*-*-* start GET (Department  LIST)*-*-*-*-*-*-*
view.py[LINE:118]# INFO     [2019-07-01 15:32:21,099]  *-*-*-*-*-* start GET (Department  LIST)*-*-*-*-*-*-*
view.py[LINE:118]# INFO     [2019-07-01 15:32:21,104]  *-*-*-*-*-* start GET (Department  LIST)*-*-*-*-*-*-*
view.py[LINE:118]# INFO     [2019-07-01 15:32:21,114]  *-*-*-*-*-* start GET (Department  LIST)*-*-*-*-*-*-*
_internal.py[LINE:122]# INFO     [2019-07-01 15:32:21,119]  127.0.0.1 - - [01/Jul/2019 15:32:21] "GET /worker HTTP/1.1" 200 -
view.py[LINE:37]# INFO     [2019-07-01 15:32:24,321]  *-*-*-*-*-* start POST (Department  LIST)*-*-*-*-*-*-*
view.py[LINE:38]# INFO     [2019-07-01 15:32:24,321]  start POST
_internal.py[LINE:122]# INFO     [2019-07-01 15:32:24,347]  127.0.0.1 - - [01/Jul/2019 15:32:24] "POST /department HTTP/1.1" 500 -
view.py[LINE:27]# INFO     [2019-07-01 15:32:24,361]  *-*-*-*-*-* start GET (Department  LIST)*-*-*-*-*-*-*
_internal.py[LINE:122]# INFO     [2019-07-01 15:32:24,372]  127.0.0.1 - - [01/Jul/2019 15:32:24] "GET /department HTTP/1.1" 200 -
view.py[LINE:59]# INFO     [2019-07-01 15:32:24,388]  *-*-*-*-*-* start GET (workers_ LIST)*-*-*-*-*-*-*
view.py[LINE:118]# INFO     [2019-07-01 15:32:24,397]  *-*-*-*-*-* start GET (Department  LIST)*-*-*-*-*-*-*
view.py[LINE:118]# INFO     [2019-07-01 15:32:24,408]  *-*-*-*-*-* start GET (Department  LIST)*-*-*-*-*-*-*
view.py[LINE:118]# INFO     [2019-07-01 15:32:24,415]  *-*-*-*-*-* start GET (Department  LIST)*-*-*-*-*-*-*
view.py[LINE:118]# INFO     [2019-07-01 15:32:24,422]  *-*-*-*-*-* start GET (Department  LIST)*-*-*-*-*-*-*
view.py[LINE:118]# INFO     [2019-07-01 15:32:24,429]  *-*-*-*-*-* start GET (Department  LIST)*-*-*-*-*-*-*
view.py[LINE:118]# INFO     [2019-07-01 15:32:24,437]  *-*-*-*-*-* start GET (Department  LIST)*-*-*-*-*-*-*
view.py[LINE:118]# INFO     [2019-07-01 15:32:24,446]  *-*-*-*-*-* start GET (Department  LIST)*-*-*-*-*-*-*
view.py[LINE:118]# INFO     [2019-07-01 15:32:24,454]  *-*-*-*-*-* start GET (Department  LIST)*-*-*-*-*-*-*
view.py[LINE:118]# INFO     [2019-07-01 15:32:24,462]  *-*-*-*-*-* start GET (Department  LIST)*-*-*-*-*-*-*
view.py[LINE:118]# INFO     [2019-07-01 15:32:24,468]  *-*-*-*-*-* start GET (Department  LIST)*-*-*-*-*-*-*
_internal.py[LINE:122]# INFO     [2019-07-01 15:32:24,479]  127.0.0.1 - - [01/Jul/2019 15:32:24] "GET /worker HTTP/1.1" 200 -
view.py[LINE:95]# INFO     [2019-07-01 15:33:19,249]  *-*-*-*-*-* start POST (workers_ LIST)*-*-*-*-*-*-*
view.py[LINE:97]# INFO     [2019-07-01 15:33:19,251]  start POST , args : Vasilij / 3 / 800 / 
view.py[LINE:98]# INFO     [2019-07-01 15:33:19,251]  start POST , args : Vasilij
view.py[LINE:100]# INFO     [2019-07-01 15:33:19,251]  end POST
view.py[LINE:118]# INFO     [2019-07-01 15:33:19,275]  *-*-*-*-*-* start GET (Department  LIST)*-*-*-*-*-*-*
_internal.py[LINE:122]# INFO     [2019-07-01 15:33:19,284]  127.0.0.1 - - [01/Jul/2019 15:33:19] "POST /worker HTTP/1.1" 200 -
view.py[LINE:27]# INFO     [2019-07-01 15:33:19,302]  *-*-*-*-*-* start GET (Department  LIST)*-*-*-*-*-*-*
_internal.py[LINE:122]# INFO     [2019-07-01 15:33:19,315]  127.0.0.1 - - [01/Jul/2019 15:33:19] "GET /department HTTP/1.1" 200 -
view.py[LINE:59]# INFO     [2019-07-01 15:33:19,332]  *-*-*-*-*-* start GET (workers_ LIST)*-*-*-*-*-*-*
view.py[LINE:118]# INFO     [2019-07-01 15:33:19,342]  *-*-*-*-*-* start GET (Department  LIST)*-*-*-*-*-*-*
view.py[LINE:118]# INFO     [2019-07-01 15:33:19,349]  *-*-*-*-*-* start GET (Department  LIST)*-*-*-*-*-*-*
view.py[LINE:118]# INFO     [2019-07-01 15:33:19,353]  *-*-*-*-*-* start GET (Department  LIST)*-*-*-*-*-*-*
view.py[LINE:118]# INFO     [2019-07-01 15:33:19,359]  *-*-*-*-*-* start GET (Department  LIST)*-*-*-*-*-*-*
view.py[LINE:118]# INFO     [2019-07-01 15:33:19,366]  *-*-*-*-*-* start GET (Department  LIST)*-*-*-*-*-*-*
view.py[LINE:118]# INFO     [2019-07-01 15:33:19,371]  *-*-*-*-*-* start GET (Department  LIST)*-*-*-*-*-*-*
view.py[LINE:118]# INFO     [2019-07-01 15:33:19,377]  *-*-*-*-*-* start GET (Department  LIST)*-*-*-*-*-*-*
view.py[LINE:118]# INFO     [2019-07-01 15:33:19,383]  *-*-*-*-*-* start GET (Department  LIST)*-*-*-*-*-*-*
view.py[LINE:118]# INFO     [2019-07-01 15:33:19,389]  *-*-*-*-*-* start GET (Department  LIST)*-*-*-*-*-*-*
view.py[LINE:118]# INFO     [2019-07-01 15:33:19,395]  *-*-*-*-*-* start GET (Department  LIST)*-*-*-*-*-*-*
view.py[LINE:118]# INFO     [2019-07-01 15:33:19,400]  *-*-*-*-*-* start GET (Department  LIST)*-*-*-*-*-*-*
_internal.py[LINE:122]# INFO     [2019-07-01 15:33:19,407]  127.0.0.1 - - [01/Jul/2019 15:33:19] "GET /worker HTTP/1.1" 200 -
view.py[LINE:27]# INFO     [2019-07-01 15:37:46,158]  *-*-*-*-*-* start GET (Department  LIST)*-*-*-*-*-*-*
_internal.py[LINE:122]# INFO     [2019-07-01 15:37:46,168]  127.0.0.1 - - [01/Jul/2019 15:37:46] "GET /department HTTP/1.1" 200 -
view.py[LINE:59]# INFO     [2019-07-01 15:37:46,178]  *-*-*-*-*-* start GET (workers_ LIST)*-*-*-*-*-*-*
view.py[LINE:118]# INFO     [2019-07-01 15:37:46,186]  *-*-*-*-*-* start GET (Department  LIST)*-*-*-*-*-*-*
view.py[LINE:118]# INFO     [2019-07-01 15:37:46,190]  *-*-*-*-*-* start GET (Department  LIST)*-*-*-*-*-*-*
view.py[LINE:118]# INFO     [2019-07-01 15:37:46,194]  *-*-*-*-*-* start GET (Department  LIST)*-*-*-*-*-*-*
view.py[LINE:118]# INFO     [2019-07-01 15:37:46,202]  *-*-*-*-*-* start GET (Department  LIST)*-*-*-*-*-*-*
view.py[LINE:118]# INFO     [2019-07-01 15:37:46,208]  *-*-*-*-*-* start GET (Department  LIST)*-*-*-*-*-*-*
view.py[LINE:118]# INFO     [2019-07-01 15:37:46,211]  *-*-*-*-*-* start GET (Department  LIST)*-*-*-*-*-*-*
view.py[LINE:118]# INFO     [2019-07-01 15:37:46,219]  *-*-*-*-*-* start GET (Department  LIST)*-*-*-*-*-*-*
view.py[LINE:118]# INFO     [2019-07-01 15:37:46,226]  *-*-*-*-*-* start GET (Department  LIST)*-*-*-*-*-*-*
view.py[LINE:118]# INFO     [2019-07-01 15:37:46,233]  *-*-*-*-*-* start GET (Department  LIST)*-*-*-*-*-*-*
view.py[LINE:118]# INFO     [2019-07-01 15:37:46,240]  *-*-*-*-*-* start GET (Department  LIST)*-*-*-*-*-*-*
view.py[LINE:118]# INFO     [2019-07-01 15:37:46,246]  *-*-*-*-*-* start GET (Department  LIST)*-*-*-*-*-*-*
_internal.py[LINE:122]# INFO     [2019-07-01 15:37:46,254]  127.0.0.1 - - [01/Jul/2019 15:37:46] "GET /worker HTTP/1.1" 200 -
view.py[LINE:27]# INFO     [2019-07-01 15:40:06,512]  *-*-*-*-*-* start GET (Department  LIST)*-*-*-*-*-*-*
_internal.py[LINE:122]# INFO     [2019-07-01 15:40:06,519]  127.0.0.1 - - [01/Jul/2019 15:40:06] "GET /department HTTP/1.1" 200 -
view.py[LINE:59]# INFO     [2019-07-01 15:40:06,531]  *-*-*-*-*-* start GET (workers_ LIST)*-*-*-*-*-*-*
view.py[LINE:118]# INFO     [2019-07-01 15:40:06,537]  *-*-*-*-*-* start GET (Department  LIST)*-*-*-*-*-*-*
view.py[LINE:118]# INFO     [2019-07-01 15:40:06,544]  *-*-*-*-*-* start GET (Department  LIST)*-*-*-*-*-*-*
view.py[LINE:118]# INFO     [2019-07-01 15:40:06,549]  *-*-*-*-*-* start GET (Department  LIST)*-*-*-*-*-*-*
view.py[LINE:118]# INFO     [2019-07-01 15:40:06,553]  *-*-*-*-*-* start GET (Department  LIST)*-*-*-*-*-*-*
view.py[LINE:118]# INFO     [2019-07-01 15:40:06,557]  *-*-*-*-*-* start GET (Department  LIST)*-*-*-*-*-*-*
view.py[LINE:118]# INFO     [2019-07-01 15:40:06,561]  *-*-*-*-*-* start GET (Department  LIST)*-*-*-*-*-*-*
view.py[LINE:118]# INFO     [2019-07-01 15:40:06,565]  *-*-*-*-*-* start GET (Department  LIST)*-*-*-*-*-*-*
view.py[LINE:118]# INFO     [2019-07-01 15:40:06,568]  *-*-*-*-*-* start GET (Department  LIST)*-*-*-*-*-*-*
view.py[LINE:118]# INFO     [2019-07-01 15:40:06,572]  *-*-*-*-*-* start GET (Department  LIST)*-*-*-*-*-*-*
view.py[LINE:118]# INFO     [2019-07-01 15:40:06,576]  *-*-*-*-*-* start GET (Department  LIST)*-*-*-*-*-*-*
view.py[LINE:118]# INFO     [2019-07-01 15:40:06,580]  *-*-*-*-*-* start GET (Department  LIST)*-*-*-*-*-*-*
_internal.py[LINE:122]# INFO     [2019-07-01 15:40:06,586]  127.0.0.1 - - [01/Jul/2019 15:40:06] "GET /worker HTTP/1.1" 200 -
view.py[LINE:27]# INFO     [2019-07-01 15:42:16,258]  *-*-*-*-*-* start GET (Department  LIST)*-*-*-*-*-*-*
_internal.py[LINE:122]# INFO     [2019-07-01 15:42:16,268]  127.0.0.1 - - [01/Jul/2019 15:42:16] "GET /department HTTP/1.1" 200 -
view.py[LINE:59]# INFO     [2019-07-01 15:42:16,285]  *-*-*-*-*-* start GET (workers_ LIST)*-*-*-*-*-*-*
view.py[LINE:118]# INFO     [2019-07-01 15:42:16,296]  *-*-*-*-*-* start GET (Department  LIST)*-*-*-*-*-*-*
view.py[LINE:118]# INFO     [2019-07-01 15:42:16,305]  *-*-*-*-*-* start GET (Department  LIST)*-*-*-*-*-*-*
view.py[LINE:118]# INFO     [2019-07-01 15:42:16,312]  *-*-*-*-*-* start GET (Department  LIST)*-*-*-*-*-*-*
view.py[LINE:118]# INFO     [2019-07-01 15:42:16,316]  *-*-*-*-*-* start GET (Department  LIST)*-*-*-*-*-*-*
view.py[LINE:118]# INFO     [2019-07-01 15:42:16,324]  *-*-*-*-*-* start GET (Department  LIST)*-*-*-*-*-*-*
view.py[LINE:118]# INFO     [2019-07-01 15:42:16,329]  *-*-*-*-*-* start GET (Department  LIST)*-*-*-*-*-*-*
view.py[LINE:118]# INFO     [2019-07-01 15:42:16,336]  *-*-*-*-*-* start GET (Department  LIST)*-*-*-*-*-*-*
view.py[LINE:118]# INFO     [2019-07-01 15:42:16,341]  *-*-*-*-*-* start GET (Department  LIST)*-*-*-*-*-*-*
view.py[LINE:118]# INFO     [2019-07-01 15:42:16,346]  *-*-*-*-*-* start GET (Department  LIST)*-*-*-*-*-*-*
view.py[LINE:118]# INFO     [2019-07-01 15:42:16,350]  *-*-*-*-*-* start GET (Department  LIST)*-*-*-*-*-*-*
view.py[LINE:118]# INFO     [2019-07-01 15:42:16,353]  *-*-*-*-*-* start GET (Department  LIST)*-*-*-*-*-*-*
_internal.py[LINE:122]# INFO     [2019-07-01 15:42:16,361]  127.0.0.1 - - [01/Jul/2019 15:42:16] "GET /worker HTTP/1.1" 200 -
view.py[LINE:27]# INFO     [2019-07-01 16:00:03,390]  *-*-*-*-*-* start GET (Department  LIST)*-*-*-*-*-*-*
_internal.py[LINE:122]# INFO     [2019-07-01 16:00:03,454]  127.0.0.1 - - [01/Jul/2019 16:00:03] "GET /department HTTP/1.1" 200 -
view.py[LINE:59]# INFO     [2019-07-01 16:00:03,468]  *-*-*-*-*-* start GET (workers_ LIST)*-*-*-*-*-*-*
view.py[LINE:118]# INFO     [2019-07-01 16:00:03,475]  *-*-*-*-*-* start GET (Department  LIST)*-*-*-*-*-*-*
view.py[LINE:118]# INFO     [2019-07-01 16:00:03,483]  *-*-*-*-*-* start GET (Department  LIST)*-*-*-*-*-*-*
view.py[LINE:118]# INFO     [2019-07-01 16:00:03,488]  *-*-*-*-*-* start GET (Department  LIST)*-*-*-*-*-*-*
view.py[LINE:118]# INFO     [2019-07-01 16:00:03,493]  *-*-*-*-*-* start GET (Department  LIST)*-*-*-*-*-*-*
view.py[LINE:118]# INFO     [2019-07-01 16:00:03,498]  *-*-*-*-*-* start GET (Department  LIST)*-*-*-*-*-*-*
view.py[LINE:118]# INFO     [2019-07-01 16:00:03,503]  *-*-*-*-*-* start GET (Department  LIST)*-*-*-*-*-*-*
view.py[LINE:118]# INFO     [2019-07-01 16:00:03,508]  *-*-*-*-*-* start GET (Department  LIST)*-*-*-*-*-*-*
view.py[LINE:118]# INFO     [2019-07-01 16:00:03,513]  *-*-*-*-*-* start GET (Department  LIST)*-*-*-*-*-*-*
view.py[LINE:118]# INFO     [2019-07-01 16:00:03,518]  *-*-*-*-*-* start GET (Department  LIST)*-*-*-*-*-*-*
view.py[LINE:118]# INFO     [2019-07-01 16:00:03,524]  *-*-*-*-*-* start GET (Department  LIST)*-*-*-*-*-*-*
view.py[LINE:118]# INFO     [2019-07-01 16:00:03,528]  *-*-*-*-*-* start GET (Department  LIST)*-*-*-*-*-*-*
_internal.py[LINE:122]# INFO     [2019-07-01 16:00:03,534]  127.0.0.1 - - [01/Jul/2019 16:00:03] "GET /worker HTTP/1.1" 200 -
view.py[LINE:27]# INFO     [2019-07-01 16:00:58,996]  *-*-*-*-*-* start GET (Department  LIST)*-*-*-*-*-*-*
_internal.py[LINE:122]# INFO     [2019-07-01 16:00:59,060]  127.0.0.1 - - [01/Jul/2019 16:00:59] "GET /department HTTP/1.1" 200 -
view.py[LINE:59]# INFO     [2019-07-01 16:00:59,078]  *-*-*-*-*-* start GET (workers_ LIST)*-*-*-*-*-*-*
view.py[LINE:118]# INFO     [2019-07-01 16:00:59,090]  *-*-*-*-*-* start GET (Department  LIST)*-*-*-*-*-*-*
view.py[LINE:118]# INFO     [2019-07-01 16:00:59,099]  *-*-*-*-*-* start GET (Department  LIST)*-*-*-*-*-*-*
view.py[LINE:118]# INFO     [2019-07-01 16:00:59,107]  *-*-*-*-*-* start GET (Department  LIST)*-*-*-*-*-*-*
view.py[LINE:118]# INFO     [2019-07-01 16:00:59,117]  *-*-*-*-*-* start GET (Department  LIST)*-*-*-*-*-*-*
view.py[LINE:118]# INFO     [2019-07-01 16:00:59,123]  *-*-*-*-*-* start GET (Department  LIST)*-*-*-*-*-*-*
view.py[LINE:118]# INFO     [2019-07-01 16:00:59,127]  *-*-*-*-*-* start GET (Department  LIST)*-*-*-*-*-*-*
view.py[LINE:118]# INFO     [2019-07-01 16:00:59,135]  *-*-*-*-*-* start GET (Department  LIST)*-*-*-*-*-*-*
view.py[LINE:118]# INFO     [2019-07-01 16:00:59,141]  *-*-*-*-*-* start GET (Department  LIST)*-*-*-*-*-*-*
view.py[LINE:118]# INFO     [2019-07-01 16:00:59,147]  *-*-*-*-*-* start GET (Department  LIST)*-*-*-*-*-*-*
view.py[LINE:118]# INFO     [2019-07-01 16:00:59,153]  *-*-*-*-*-* start GET (Department  LIST)*-*-*-*-*-*-*
view.py[LINE:118]# INFO     [2019-07-01 16:00:59,161]  *-*-*-*-*-* start GET (Department  LIST)*-*-*-*-*-*-*
_internal.py[LINE:122]# INFO     [2019-07-01 16:00:59,171]  127.0.0.1 - - [01/Jul/2019 16:00:59] "GET /worker HTTP/1.1" 200 -
view.py[LINE:27]# INFO     [2019-07-01 16:01:04,310]  *-*-*-*-*-* start GET (Department  LIST)*-*-*-*-*-*-*
_internal.py[LINE:122]# INFO     [2019-07-01 16:01:04,389]  127.0.0.1 - - [01/Jul/2019 16:01:04] "GET /department HTTP/1.1" 200 -
view.py[LINE:59]# INFO     [2019-07-01 16:01:04,407]  *-*-*-*-*-* start GET (workers_ LIST)*-*-*-*-*-*-*
view.py[LINE:118]# INFO     [2019-07-01 16:01:04,417]  *-*-*-*-*-* start GET (Department  LIST)*-*-*-*-*-*-*
view.py[LINE:118]# INFO     [2019-07-01 16:01:04,426]  *-*-*-*-*-* start GET (Department  LIST)*-*-*-*-*-*-*
view.py[LINE:118]# INFO     [2019-07-01 16:01:04,433]  *-*-*-*-*-* start GET (Department  LIST)*-*-*-*-*-*-*
view.py[LINE:118]# INFO     [2019-07-01 16:01:04,437]  *-*-*-*-*-* start GET (Department  LIST)*-*-*-*-*-*-*
view.py[LINE:118]# INFO     [2019-07-01 16:01:04,441]  *-*-*-*-*-* start GET (Department  LIST)*-*-*-*-*-*-*
view.py[LINE:118]# INFO     [2019-07-01 16:01:04,445]  *-*-*-*-*-* start GET (Department  LIST)*-*-*-*-*-*-*
view.py[LINE:118]# INFO     [2019-07-01 16:01:04,449]  *-*-*-*-*-* start GET (Department  LIST)*-*-*-*-*-*-*
view.py[LINE:118]# INFO     [2019-07-01 16:01:04,454]  *-*-*-*-*-* start GET (Department  LIST)*-*-*-*-*-*-*
view.py[LINE:118]# INFO     [2019-07-01 16:01:04,459]  *-*-*-*-*-* start GET (Department  LIST)*-*-*-*-*-*-*
view.py[LINE:118]# INFO     [2019-07-01 16:01:04,464]  *-*-*-*-*-* start GET (Department  LIST)*-*-*-*-*-*-*
view.py[LINE:118]# INFO     [2019-07-01 16:01:04,470]  *-*-*-*-*-* start GET (Department  LIST)*-*-*-*-*-*-*
_internal.py[LINE:122]# INFO     [2019-07-01 16:01:04,481]  127.0.0.1 - - [01/Jul/2019 16:01:04] "GET /worker HTTP/1.1" 200 -
view.py[LINE:27]# INFO     [2019-07-01 16:05:14,091]  *-*-*-*-*-* start GET (Department  LIST)*-*-*-*-*-*-*
_internal.py[LINE:122]# INFO     [2019-07-01 16:05:14,163]  127.0.0.1 - - [01/Jul/2019 16:05:14] "GET /department HTTP/1.1" 200 -
view.py[LINE:59]# INFO     [2019-07-01 16:05:14,178]  *-*-*-*-*-* start GET (workers_ LIST)*-*-*-*-*-*-*
view.py[LINE:118]# INFO     [2019-07-01 16:05:14,185]  *-*-*-*-*-* start GET (Department  LIST)*-*-*-*-*-*-*
view.py[LINE:118]# INFO     [2019-07-01 16:05:14,197]  *-*-*-*-*-* start GET (Department  LIST)*-*-*-*-*-*-*
view.py[LINE:118]# INFO     [2019-07-01 16:05:14,208]  *-*-*-*-*-* start GET (Department  LIST)*-*-*-*-*-*-*
view.py[LINE:118]# INFO     [2019-07-01 16:05:14,214]  *-*-*-*-*-* start GET (Department  LIST)*-*-*-*-*-*-*
view.py[LINE:118]# INFO     [2019-07-01 16:05:14,229]  *-*-*-*-*-* start GET (Department  LIST)*-*-*-*-*-*-*
view.py[LINE:118]# INFO     [2019-07-01 16:05:14,237]  *-*-*-*-*-* start GET (Department  LIST)*-*-*-*-*-*-*
view.py[LINE:118]# INFO     [2019-07-01 16:05:14,244]  *-*-*-*-*-* start GET (Department  LIST)*-*-*-*-*-*-*
view.py[LINE:118]# INFO     [2019-07-01 16:05:14,251]  *-*-*-*-*-* start GET (Department  LIST)*-*-*-*-*-*-*
view.py[LINE:118]# INFO     [2019-07-01 16:05:14,256]  *-*-*-*-*-* start GET (Department  LIST)*-*-*-*-*-*-*
view.py[LINE:118]# INFO     [2019-07-01 16:05:14,261]  *-*-*-*-*-* start GET (Department  LIST)*-*-*-*-*-*-*
view.py[LINE:118]# INFO     [2019-07-01 16:05:14,266]  *-*-*-*-*-* start GET (Department  LIST)*-*-*-*-*-*-*
_internal.py[LINE:122]# INFO     [2019-07-01 16:05:14,274]  127.0.0.1 - - [01/Jul/2019 16:05:14] "GET /worker HTTP/1.1" 200 -
view.py[LINE:27]# INFO     [2019-07-01 16:05:39,125]  *-*-*-*-*-* start GET (Department  LIST)*-*-*-*-*-*-*
_internal.py[LINE:122]# INFO     [2019-07-01 16:05:39,193]  127.0.0.1 - - [01/Jul/2019 16:05:39] "GET /department HTTP/1.1" 200 -
view.py[LINE:59]# INFO     [2019-07-01 16:05:39,203]  *-*-*-*-*-* start GET (workers_ LIST)*-*-*-*-*-*-*
view.py[LINE:118]# INFO     [2019-07-01 16:05:39,208]  *-*-*-*-*-* start GET (Department  LIST)*-*-*-*-*-*-*
view.py[LINE:118]# INFO     [2019-07-01 16:05:39,215]  *-*-*-*-*-* start GET (Department  LIST)*-*-*-*-*-*-*
view.py[LINE:118]# INFO     [2019-07-01 16:05:39,219]  *-*-*-*-*-* start GET (Department  LIST)*-*-*-*-*-*-*
view.py[LINE:118]# INFO     [2019-07-01 16:05:39,225]  *-*-*-*-*-* start GET (Department  LIST)*-*-*-*-*-*-*
view.py[LINE:118]# INFO     [2019-07-01 16:05:39,229]  *-*-*-*-*-* start GET (Department  LIST)*-*-*-*-*-*-*
view.py[LINE:118]# INFO     [2019-07-01 16:05:39,233]  *-*-*-*-*-* start GET (Department  LIST)*-*-*-*-*-*-*
view.py[LINE:118]# INFO     [2019-07-01 16:05:39,239]  *-*-*-*-*-* start GET (Department  LIST)*-*-*-*-*-*-*
view.py[LINE:118]# INFO     [2019-07-01 16:05:39,244]  *-*-*-*-*-* start GET (Department  LIST)*-*-*-*-*-*-*
view.py[LINE:118]# INFO     [2019-07-01 16:05:39,247]  *-*-*-*-*-* start GET (Department  LIST)*-*-*-*-*-*-*
view.py[LINE:118]# INFO     [2019-07-01 16:05:39,251]  *-*-*-*-*-* start GET (Department  LIST)*-*-*-*-*-*-*
view.py[LINE:118]# INFO     [2019-07-01 16:05:39,257]  *-*-*-*-*-* start GET (Department  LIST)*-*-*-*-*-*-*
_internal.py[LINE:122]# INFO     [2019-07-01 16:05:39,262]  127.0.0.1 - - [01/Jul/2019 16:05:39] "GET /worker HTTP/1.1" 200 -
view.py[LINE:27]# INFO     [2019-07-01 16:05:46,142]  *-*-*-*-*-* start GET (Department  LIST)*-*-*-*-*-*-*
_internal.py[LINE:122]# INFO     [2019-07-01 16:05:46,214]  127.0.0.1 - - [01/Jul/2019 16:05:46] "GET /department HTTP/1.1" 200 -
view.py[LINE:59]# INFO     [2019-07-01 16:05:46,229]  *-*-*-*-*-* start GET (workers_ LIST)*-*-*-*-*-*-*
view.py[LINE:118]# INFO     [2019-07-01 16:05:46,241]  *-*-*-*-*-* start GET (Department  LIST)*-*-*-*-*-*-*
view.py[LINE:118]# INFO     [2019-07-01 16:05:46,249]  *-*-*-*-*-* start GET (Department  LIST)*-*-*-*-*-*-*
view.py[LINE:118]# INFO     [2019-07-01 16:05:46,259]  *-*-*-*-*-* start GET (Department  LIST)*-*-*-*-*-*-*
view.py[LINE:118]# INFO     [2019-07-01 16:05:46,265]  *-*-*-*-*-* start GET (Department  LIST)*-*-*-*-*-*-*
view.py[LINE:118]# INFO     [2019-07-01 16:05:46,273]  *-*-*-*-*-* start GET (Department  LIST)*-*-*-*-*-*-*
view.py[LINE:118]# INFO     [2019-07-01 16:05:46,279]  *-*-*-*-*-* start GET (Department  LIST)*-*-*-*-*-*-*
view.py[LINE:118]# INFO     [2019-07-01 16:05:46,286]  *-*-*-*-*-* start GET (Department  LIST)*-*-*-*-*-*-*
view.py[LINE:118]# INFO     [2019-07-01 16:05:46,294]  *-*-*-*-*-* start GET (Department  LIST)*-*-*-*-*-*-*
view.py[LINE:118]# INFO     [2019-07-01 16:05:46,299]  *-*-*-*-*-* start GET (Department  LIST)*-*-*-*-*-*-*
view.py[LINE:118]# INFO     [2019-07-01 16:05:46,306]  *-*-*-*-*-* start GET (Department  LIST)*-*-*-*-*-*-*
view.py[LINE:118]# INFO     [2019-07-01 16:05:46,319]  *-*-*-*-*-* start GET (Department  LIST)*-*-*-*-*-*-*
_internal.py[LINE:122]# INFO     [2019-07-01 16:05:46,328]  127.0.0.1 - - [01/Jul/2019 16:05:46] "GET /worker HTTP/1.1" 200 -
view.py[LINE:27]# INFO     [2019-07-01 16:15:10,200]  *-*-*-*-*-* start GET (Department  LIST)*-*-*-*-*-*-*
_internal.py[LINE:122]# INFO     [2019-07-01 16:15:10,258]  127.0.0.1 - - [01/Jul/2019 16:15:10] "GET /department HTTP/1.1" 200 -
view.py[LINE:59]# INFO     [2019-07-01 16:15:10,270]  *-*-*-*-*-* start GET (workers_ LIST)*-*-*-*-*-*-*
view.py[LINE:118]# INFO     [2019-07-01 16:15:10,275]  *-*-*-*-*-* start GET (Department  LIST)*-*-*-*-*-*-*
view.py[LINE:118]# INFO     [2019-07-01 16:15:10,286]  *-*-*-*-*-* start GET (Department  LIST)*-*-*-*-*-*-*
view.py[LINE:118]# INFO     [2019-07-01 16:15:10,290]  *-*-*-*-*-* start GET (Department  LIST)*-*-*-*-*-*-*
view.py[LINE:118]# INFO     [2019-07-01 16:15:10,295]  *-*-*-*-*-* start GET (Department  LIST)*-*-*-*-*-*-*
view.py[LINE:118]# INFO     [2019-07-01 16:15:10,300]  *-*-*-*-*-* start GET (Department  LIST)*-*-*-*-*-*-*
view.py[LINE:118]# INFO     [2019-07-01 16:15:10,304]  *-*-*-*-*-* start GET (Department  LIST)*-*-*-*-*-*-*
view.py[LINE:118]# INFO     [2019-07-01 16:15:10,307]  *-*-*-*-*-* start GET (Department  LIST)*-*-*-*-*-*-*
view.py[LINE:118]# INFO     [2019-07-01 16:15:10,313]  *-*-*-*-*-* start GET (Department  LIST)*-*-*-*-*-*-*
view.py[LINE:118]# INFO     [2019-07-01 16:15:10,318]  *-*-*-*-*-* start GET (Department  LIST)*-*-*-*-*-*-*
view.py[LINE:118]# INFO     [2019-07-01 16:15:10,322]  *-*-*-*-*-* start GET (Department  LIST)*-*-*-*-*-*-*
view.py[LINE:118]# INFO     [2019-07-01 16:15:10,326]  *-*-*-*-*-* start GET (Department  LIST)*-*-*-*-*-*-*
_internal.py[LINE:122]# INFO     [2019-07-01 16:15:10,333]  127.0.0.1 - - [01/Jul/2019 16:15:10] "GET /worker HTTP/1.1" 200 -
view.py[LINE:27]# INFO     [2019-07-01 16:21:21,828]  *-*-*-*-*-* start GET (Department  LIST)*-*-*-*-*-*-*
_internal.py[LINE:122]# INFO     [2019-07-01 16:21:21,895]  127.0.0.1 - - [01/Jul/2019 16:21:21] "GET /department HTTP/1.1" 200 -
view.py[LINE:59]# INFO     [2019-07-01 16:21:21,912]  *-*-*-*-*-* start GET (workers_ LIST)*-*-*-*-*-*-*
view.py[LINE:118]# INFO     [2019-07-01 16:21:21,921]  *-*-*-*-*-* start GET (Department  LIST)*-*-*-*-*-*-*
view.py[LINE:118]# INFO     [2019-07-01 16:21:21,938]  *-*-*-*-*-* start GET (Department  LIST)*-*-*-*-*-*-*
view.py[LINE:118]# INFO     [2019-07-01 16:21:21,943]  *-*-*-*-*-* start GET (Department  LIST)*-*-*-*-*-*-*
view.py[LINE:118]# INFO     [2019-07-01 16:21:21,946]  *-*-*-*-*-* start GET (Department  LIST)*-*-*-*-*-*-*
view.py[LINE:118]# INFO     [2019-07-01 16:21:21,956]  *-*-*-*-*-* start GET (Department  LIST)*-*-*-*-*-*-*
view.py[LINE:118]# INFO     [2019-07-01 16:21:21,961]  *-*-*-*-*-* start GET (Department  LIST)*-*-*-*-*-*-*
view.py[LINE:118]# INFO     [2019-07-01 16:21:21,966]  *-*-*-*-*-* start GET (Department  LIST)*-*-*-*-*-*-*
view.py[LINE:118]# INFO     [2019-07-01 16:21:21,973]  *-*-*-*-*-* start GET (Department  LIST)*-*-*-*-*-*-*
view.py[LINE:118]# INFO     [2019-07-01 16:21:21,978]  *-*-*-*-*-* start GET (Department  LIST)*-*-*-*-*-*-*
view.py[LINE:118]# INFO     [2019-07-01 16:21:21,986]  *-*-*-*-*-* start GET (Department  LIST)*-*-*-*-*-*-*
view.py[LINE:118]# INFO     [2019-07-01 16:21:21,990]  *-*-*-*-*-* start GET (Department  LIST)*-*-*-*-*-*-*
_internal.py[LINE:122]# INFO     [2019-07-01 16:21:21,995]  127.0.0.1 - - [01/Jul/2019 16:21:21] "GET /worker HTTP/1.1" 200 -
view.py[LINE:95]# INFO     [2019-07-01 16:26:34,382]  *-*-*-*-*-* start POST (workers_ LIST)*-*-*-*-*-*-*
view.py[LINE:97]# INFO     [2019-07-01 16:26:34,389]  start POST , args : alisa / 4 / 777 / 
view.py[LINE:98]# INFO     [2019-07-01 16:26:34,390]  start POST , args : alisa
view.py[LINE:100]# INFO     [2019-07-01 16:26:34,390]  end POST
view.py[LINE:118]# INFO     [2019-07-01 16:26:34,460]  *-*-*-*-*-* start GET (Department  LIST)*-*-*-*-*-*-*
_internal.py[LINE:122]# INFO     [2019-07-01 16:26:34,473]  127.0.0.1 - - [01/Jul/2019 16:26:34] "POST /worker HTTP/1.1" 200 -
view.py[LINE:27]# INFO     [2019-07-01 16:26:34,483]  *-*-*-*-*-* start GET (Department  LIST)*-*-*-*-*-*-*
_internal.py[LINE:122]# INFO     [2019-07-01 16:26:34,489]  127.0.0.1 - - [01/Jul/2019 16:26:34] "GET /department HTTP/1.1" 200 -
view.py[LINE:59]# INFO     [2019-07-01 16:26:34,498]  *-*-*-*-*-* start GET (workers_ LIST)*-*-*-*-*-*-*
view.py[LINE:118]# INFO     [2019-07-01 16:26:34,503]  *-*-*-*-*-* start GET (Department  LIST)*-*-*-*-*-*-*
view.py[LINE:118]# INFO     [2019-07-01 16:26:34,507]  *-*-*-*-*-* start GET (Department  LIST)*-*-*-*-*-*-*
view.py[LINE:118]# INFO     [2019-07-01 16:26:34,511]  *-*-*-*-*-* start GET (Department  LIST)*-*-*-*-*-*-*
view.py[LINE:118]# INFO     [2019-07-01 16:26:34,515]  *-*-*-*-*-* start GET (Department  LIST)*-*-*-*-*-*-*
view.py[LINE:118]# INFO     [2019-07-01 16:26:34,519]  *-*-*-*-*-* start GET (Department  LIST)*-*-*-*-*-*-*
view.py[LINE:118]# INFO     [2019-07-01 16:26:34,525]  *-*-*-*-*-* start GET (Department  LIST)*-*-*-*-*-*-*
view.py[LINE:118]# INFO     [2019-07-01 16:26:34,530]  *-*-*-*-*-* start GET (Department  LIST)*-*-*-*-*-*-*
view.py[LINE:118]# INFO     [2019-07-01 16:26:34,534]  *-*-*-*-*-* start GET (Department  LIST)*-*-*-*-*-*-*
view.py[LINE:118]# INFO     [2019-07-01 16:26:34,538]  *-*-*-*-*-* start GET (Department  LIST)*-*-*-*-*-*-*
view.py[LINE:118]# INFO     [2019-07-01 16:26:34,541]  *-*-*-*-*-* start GET (Department  LIST)*-*-*-*-*-*-*
view.py[LINE:118]# INFO     [2019-07-01 16:26:34,545]  *-*-*-*-*-* start GET (Department  LIST)*-*-*-*-*-*-*
view.py[LINE:118]# INFO     [2019-07-01 16:26:34,549]  *-*-*-*-*-* start GET (Department  LIST)*-*-*-*-*-*-*
_internal.py[LINE:122]# INFO     [2019-07-01 16:26:34,554]  127.0.0.1 - - [01/Jul/2019 16:26:34] "GET /worker HTTP/1.1" 200 -
view.py[LINE:37]# INFO     [2019-07-01 16:26:42,483]  *-*-*-*-*-* start POST (Department  LIST)*-*-*-*-*-*-*
view.py[LINE:38]# INFO     [2019-07-01 16:26:42,484]  start POST
view.py[LINE:41]# INFO     [2019-07-01 16:26:42,487]  start POST , args : rwreew
view.py[LINE:43]# INFO     [2019-07-01 16:26:42,487]  end POST
_internal.py[LINE:122]# INFO     [2019-07-01 16:26:42,509]  127.0.0.1 - - [01/Jul/2019 16:26:42] "POST /department HTTP/1.1" 200 -
view.py[LINE:27]# INFO     [2019-07-01 16:26:42,524]  *-*-*-*-*-* start GET (Department  LIST)*-*-*-*-*-*-*
_internal.py[LINE:122]# INFO     [2019-07-01 16:26:42,535]  127.0.0.1 - - [01/Jul/2019 16:26:42] "GET /department HTTP/1.1" 200 -
view.py[LINE:59]# INFO     [2019-07-01 16:26:42,550]  *-*-*-*-*-* start GET (workers_ LIST)*-*-*-*-*-*-*
view.py[LINE:118]# INFO     [2019-07-01 16:26:42,561]  *-*-*-*-*-* start GET (Department  LIST)*-*-*-*-*-*-*
view.py[LINE:118]# INFO     [2019-07-01 16:26:42,566]  *-*-*-*-*-* start GET (Department  LIST)*-*-*-*-*-*-*
view.py[LINE:118]# INFO     [2019-07-01 16:26:42,576]  *-*-*-*-*-* start GET (Department  LIST)*-*-*-*-*-*-*
view.py[LINE:118]# INFO     [2019-07-01 16:26:42,580]  *-*-*-*-*-* start GET (Department  LIST)*-*-*-*-*-*-*
view.py[LINE:118]# INFO     [2019-07-01 16:26:42,583]  *-*-*-*-*-* start GET (Department  LIST)*-*-*-*-*-*-*
view.py[LINE:118]# INFO     [2019-07-01 16:26:42,589]  *-*-*-*-*-* start GET (Department  LIST)*-*-*-*-*-*-*
view.py[LINE:118]# INFO     [2019-07-01 16:26:42,593]  *-*-*-*-*-* start GET (Department  LIST)*-*-*-*-*-*-*
view.py[LINE:118]# INFO     [2019-07-01 16:26:42,596]  *-*-*-*-*-* start GET (Department  LIST)*-*-*-*-*-*-*
view.py[LINE:118]# INFO     [2019-07-01 16:26:42,600]  *-*-*-*-*-* start GET (Department  LIST)*-*-*-*-*-*-*
view.py[LINE:118]# INFO     [2019-07-01 16:26:42,605]  *-*-*-*-*-* start GET (Department  LIST)*-*-*-*-*-*-*
view.py[LINE:118]# INFO     [2019-07-01 16:26:42,612]  *-*-*-*-*-* start GET (Department  LIST)*-*-*-*-*-*-*
view.py[LINE:118]# INFO     [2019-07-01 16:26:42,615]  *-*-*-*-*-* start GET (Department  LIST)*-*-*-*-*-*-*
_internal.py[LINE:122]# INFO     [2019-07-01 16:26:42,624]  127.0.0.1 - - [01/Jul/2019 16:26:42] "GET /worker HTTP/1.1" 200 -
view.py[LINE:27]# INFO     [2019-07-01 16:38:25,550]  *-*-*-*-*-* start GET (Department  LIST)*-*-*-*-*-*-*
_internal.py[LINE:122]# INFO     [2019-07-01 16:38:25,606]  127.0.0.1 - - [01/Jul/2019 16:38:25] "GET /department HTTP/1.1" 200 -
view.py[LINE:59]# INFO     [2019-07-01 16:38:25,619]  *-*-*-*-*-* start GET (workers_ LIST)*-*-*-*-*-*-*
view.py[LINE:63]# INFO     [2019-07-01 16:38:25,619]  *-*-*-*-*-*  use filter *-*-*-*-*-*-*
view.py[LINE:64]# INFO     [2019-07-01 16:38:25,619]   - 1 if
view.py[LINE:65]# INFO     [2019-07-01 16:38:25,620]  birthday_begin : 1950-01-01
view.py[LINE:66]# INFO     [2019-07-01 16:38:25,620]  birthday_end : 2020-01-01
view.py[LINE:118]# INFO     [2019-07-01 16:38:25,630]  *-*-*-*-*-* start GET (Department  LIST)*-*-*-*-*-*-*
view.py[LINE:118]# INFO     [2019-07-01 16:38:25,638]  *-*-*-*-*-* start GET (Department  LIST)*-*-*-*-*-*-*
view.py[LINE:118]# INFO     [2019-07-01 16:38:25,644]  *-*-*-*-*-* start GET (Department  LIST)*-*-*-*-*-*-*
view.py[LINE:118]# INFO     [2019-07-01 16:38:25,649]  *-*-*-*-*-* start GET (Department  LIST)*-*-*-*-*-*-*
view.py[LINE:118]# INFO     [2019-07-01 16:38:25,653]  *-*-*-*-*-* start GET (Department  LIST)*-*-*-*-*-*-*
view.py[LINE:118]# INFO     [2019-07-01 16:38:25,657]  *-*-*-*-*-* start GET (Department  LIST)*-*-*-*-*-*-*
view.py[LINE:118]# INFO     [2019-07-01 16:38:25,661]  *-*-*-*-*-* start GET (Department  LIST)*-*-*-*-*-*-*
view.py[LINE:118]# INFO     [2019-07-01 16:38:25,665]  *-*-*-*-*-* start GET (Department  LIST)*-*-*-*-*-*-*
view.py[LINE:118]# INFO     [2019-07-01 16:38:25,669]  *-*-*-*-*-* start GET (Department  LIST)*-*-*-*-*-*-*
view.py[LINE:118]# INFO     [2019-07-01 16:38:25,673]  *-*-*-*-*-* start GET (Department  LIST)*-*-*-*-*-*-*
view.py[LINE:118]# INFO     [2019-07-01 16:38:25,677]  *-*-*-*-*-* start GET (Department  LIST)*-*-*-*-*-*-*
view.py[LINE:118]# INFO     [2019-07-01 16:38:25,681]  *-*-*-*-*-* start GET (Department  LIST)*-*-*-*-*-*-*
_internal.py[LINE:122]# INFO     [2019-07-01 16:38:25,689]  127.0.0.1 - - [01/Jul/2019 16:38:25] "GET /worker?birthday_begin=1950-01-01&birthday_end=2020-01-01 HTTP/1.1" 200 -
view.py[LINE:27]# INFO     [2019-07-01 16:38:30,472]  *-*-*-*-*-* start GET (Department  LIST)*-*-*-*-*-*-*
_internal.py[LINE:122]# INFO     [2019-07-01 16:38:30,487]  127.0.0.1 - - [01/Jul/2019 16:38:30] "GET /department HTTP/1.1" 200 -
view.py[LINE:59]# INFO     [2019-07-01 16:38:30,502]  *-*-*-*-*-* start GET (workers_ LIST)*-*-*-*-*-*-*
view.py[LINE:63]# INFO     [2019-07-01 16:38:30,502]  *-*-*-*-*-*  use filter *-*-*-*-*-*-*
view.py[LINE:64]# INFO     [2019-07-01 16:38:30,502]   - 1 if
view.py[LINE:65]# INFO     [2019-07-01 16:38:30,502]  birthday_begin : 1950-01-01
view.py[LINE:66]# INFO     [2019-07-01 16:38:30,503]  birthday_end : 2020-01-01
view.py[LINE:118]# INFO     [2019-07-01 16:38:30,510]  *-*-*-*-*-* start GET (Department  LIST)*-*-*-*-*-*-*
view.py[LINE:118]# INFO     [2019-07-01 16:38:30,518]  *-*-*-*-*-* start GET (Department  LIST)*-*-*-*-*-*-*
view.py[LINE:118]# INFO     [2019-07-01 16:38:30,523]  *-*-*-*-*-* start GET (Department  LIST)*-*-*-*-*-*-*
view.py[LINE:118]# INFO     [2019-07-01 16:38:30,530]  *-*-*-*-*-* start GET (Department  LIST)*-*-*-*-*-*-*
view.py[LINE:118]# INFO     [2019-07-01 16:38:30,539]  *-*-*-*-*-* start GET (Department  LIST)*-*-*-*-*-*-*
view.py[LINE:118]# INFO     [2019-07-01 16:38:30,544]  *-*-*-*-*-* start GET (Department  LIST)*-*-*-*-*-*-*
view.py[LINE:118]# INFO     [2019-07-01 16:38:30,550]  *-*-*-*-*-* start GET (Department  LIST)*-*-*-*-*-*-*
view.py[LINE:118]# INFO     [2019-07-01 16:38:30,554]  *-*-*-*-*-* start GET (Department  LIST)*-*-*-*-*-*-*
view.py[LINE:118]# INFO     [2019-07-01 16:38:30,558]  *-*-*-*-*-* start GET (Department  LIST)*-*-*-*-*-*-*
view.py[LINE:118]# INFO     [2019-07-01 16:38:30,564]  *-*-*-*-*-* start GET (Department  LIST)*-*-*-*-*-*-*
view.py[LINE:118]# INFO     [2019-07-01 16:38:30,572]  *-*-*-*-*-* start GET (Department  LIST)*-*-*-*-*-*-*
view.py[LINE:118]# INFO     [2019-07-01 16:38:30,576]  *-*-*-*-*-* start GET (Department  LIST)*-*-*-*-*-*-*
_internal.py[LINE:122]# INFO     [2019-07-01 16:38:30,582]  127.0.0.1 - - [01/Jul/2019 16:38:30] "GET /worker?birthday_begin=1950-01-01&birthday_end=2020-01-01 HTTP/1.1" 200 -
view.py[LINE:27]# INFO     [2019-07-01 16:41:02,933]  *-*-*-*-*-* start GET (Department  LIST)*-*-*-*-*-*-*
_internal.py[LINE:122]# INFO     [2019-07-01 16:41:03,005]  127.0.0.1 - - [01/Jul/2019 16:41:03] "GET /department HTTP/1.1" 200 -
view.py[LINE:59]# INFO     [2019-07-01 16:41:03,022]  *-*-*-*-*-* start GET (workers_ LIST)*-*-*-*-*-*-*
view.py[LINE:63]# INFO     [2019-07-01 16:41:03,023]  *-*-*-*-*-*  use filter *-*-*-*-*-*-*
view.py[LINE:64]# INFO     [2019-07-01 16:41:03,023]   - 1 if
view.py[LINE:65]# INFO     [2019-07-01 16:41:03,023]  birthday_begin : 1950-01-01
view.py[LINE:66]# INFO     [2019-07-01 16:41:03,023]  birthday_end : 2020-01-01
view.py[LINE:118]# INFO     [2019-07-01 16:41:03,040]  *-*-*-*-*-* start GET (Department  LIST)*-*-*-*-*-*-*
view.py[LINE:118]# INFO     [2019-07-01 16:41:03,047]  *-*-*-*-*-* start GET (Department  LIST)*-*-*-*-*-*-*
view.py[LINE:118]# INFO     [2019-07-01 16:41:03,055]  *-*-*-*-*-* start GET (Department  LIST)*-*-*-*-*-*-*
view.py[LINE:118]# INFO     [2019-07-01 16:41:03,062]  *-*-*-*-*-* start GET (Department  LIST)*-*-*-*-*-*-*
view.py[LINE:118]# INFO     [2019-07-01 16:41:03,070]  *-*-*-*-*-* start GET (Department  LIST)*-*-*-*-*-*-*
view.py[LINE:118]# INFO     [2019-07-01 16:41:03,078]  *-*-*-*-*-* start GET (Department  LIST)*-*-*-*-*-*-*
view.py[LINE:118]# INFO     [2019-07-01 16:41:03,086]  *-*-*-*-*-* start GET (Department  LIST)*-*-*-*-*-*-*
view.py[LINE:118]# INFO     [2019-07-01 16:41:03,091]  *-*-*-*-*-* start GET (Department  LIST)*-*-*-*-*-*-*
view.py[LINE:118]# INFO     [2019-07-01 16:41:03,098]  *-*-*-*-*-* start GET (Department  LIST)*-*-*-*-*-*-*
view.py[LINE:118]# INFO     [2019-07-01 16:41:03,105]  *-*-*-*-*-* start GET (Department  LIST)*-*-*-*-*-*-*
view.py[LINE:118]# INFO     [2019-07-01 16:41:03,110]  *-*-*-*-*-* start GET (Department  LIST)*-*-*-*-*-*-*
view.py[LINE:118]# INFO     [2019-07-01 16:41:03,115]  *-*-*-*-*-* start GET (Department  LIST)*-*-*-*-*-*-*
_internal.py[LINE:122]# INFO     [2019-07-01 16:41:03,123]  127.0.0.1 - - [01/Jul/2019 16:41:03] "GET /worker?birthday_begin=1950-01-01&birthday_end=2020-01-01 HTTP/1.1" 200 -
view.py[LINE:133]# INFO     [2019-07-01 16:41:09,380]  start DELETE DEPT , id : 12
view.py[LINE:136]# INFO     [2019-07-01 16:41:09,392]  save to db : 12
_internal.py[LINE:122]# INFO     [2019-07-01 16:41:09,399]  127.0.0.1 - - [01/Jul/2019 16:41:09] "DELETE /department/12 HTTP/1.1" 200 -
view.py[LINE:27]# INFO     [2019-07-01 16:41:09,414]  *-*-*-*-*-* start GET (Department  LIST)*-*-*-*-*-*-*
_internal.py[LINE:122]# INFO     [2019-07-01 16:41:09,425]  127.0.0.1 - - [01/Jul/2019 16:41:09] "GET /department HTTP/1.1" 200 -
view.py[LINE:59]# INFO     [2019-07-01 16:41:09,442]  *-*-*-*-*-* start GET (workers_ LIST)*-*-*-*-*-*-*
view.py[LINE:63]# INFO     [2019-07-01 16:41:09,443]  *-*-*-*-*-*  use filter *-*-*-*-*-*-*
view.py[LINE:64]# INFO     [2019-07-01 16:41:09,443]   - 1 if
view.py[LINE:65]# INFO     [2019-07-01 16:41:09,443]  birthday_begin : 1950-01-01
view.py[LINE:66]# INFO     [2019-07-01 16:41:09,444]  birthday_end : 2020-01-01
view.py[LINE:118]# INFO     [2019-07-01 16:41:09,453]  *-*-*-*-*-* start GET (Department  LIST)*-*-*-*-*-*-*
view.py[LINE:118]# INFO     [2019-07-01 16:41:09,459]  *-*-*-*-*-* start GET (Department  LIST)*-*-*-*-*-*-*
view.py[LINE:118]# INFO     [2019-07-01 16:41:09,467]  *-*-*-*-*-* start GET (Department  LIST)*-*-*-*-*-*-*
view.py[LINE:118]# INFO     [2019-07-01 16:41:09,474]  *-*-*-*-*-* start GET (Department  LIST)*-*-*-*-*-*-*
view.py[LINE:118]# INFO     [2019-07-01 16:41:09,482]  *-*-*-*-*-* start GET (Department  LIST)*-*-*-*-*-*-*
view.py[LINE:118]# INFO     [2019-07-01 16:41:09,487]  *-*-*-*-*-* start GET (Department  LIST)*-*-*-*-*-*-*
view.py[LINE:118]# INFO     [2019-07-01 16:41:09,493]  *-*-*-*-*-* start GET (Department  LIST)*-*-*-*-*-*-*
view.py[LINE:118]# INFO     [2019-07-01 16:41:09,502]  *-*-*-*-*-* start GET (Department  LIST)*-*-*-*-*-*-*
view.py[LINE:118]# INFO     [2019-07-01 16:41:09,508]  *-*-*-*-*-* start GET (Department  LIST)*-*-*-*-*-*-*
view.py[LINE:118]# INFO     [2019-07-01 16:41:09,515]  *-*-*-*-*-* start GET (Department  LIST)*-*-*-*-*-*-*
view.py[LINE:118]# INFO     [2019-07-01 16:41:09,521]  *-*-*-*-*-* start GET (Department  LIST)*-*-*-*-*-*-*
view.py[LINE:118]# INFO     [2019-07-01 16:41:09,526]  *-*-*-*-*-* start GET (Department  LIST)*-*-*-*-*-*-*
_internal.py[LINE:122]# INFO     [2019-07-01 16:41:09,534]  127.0.0.1 - - [01/Jul/2019 16:41:09] "GET /worker?birthday_begin=1950-01-01&birthday_end=2020-01-01 HTTP/1.1" 200 -
view.py[LINE:27]# INFO     [2019-07-01 16:44:53,750]  *-*-*-*-*-* start GET (Department  LIST)*-*-*-*-*-*-*
_internal.py[LINE:122]# INFO     [2019-07-01 16:44:53,766]  127.0.0.1 - - [01/Jul/2019 16:44:53] "GET /department HTTP/1.1" 200 -
view.py[LINE:59]# INFO     [2019-07-01 16:44:53,778]  *-*-*-*-*-* start GET (workers_ LIST)*-*-*-*-*-*-*
view.py[LINE:63]# INFO     [2019-07-01 16:44:53,779]  *-*-*-*-*-*  use filter *-*-*-*-*-*-*
view.py[LINE:64]# INFO     [2019-07-01 16:44:53,779]   - 1 if
view.py[LINE:65]# INFO     [2019-07-01 16:44:53,779]  birthday_begin : 1950-01-01
view.py[LINE:66]# INFO     [2019-07-01 16:44:53,779]  birthday_end : 2020-01-01
view.py[LINE:118]# INFO     [2019-07-01 16:44:53,787]  *-*-*-*-*-* start GET (Department  LIST)*-*-*-*-*-*-*
view.py[LINE:118]# INFO     [2019-07-01 16:44:53,793]  *-*-*-*-*-* start GET (Department  LIST)*-*-*-*-*-*-*
view.py[LINE:118]# INFO     [2019-07-01 16:44:53,799]  *-*-*-*-*-* start GET (Department  LIST)*-*-*-*-*-*-*
view.py[LINE:118]# INFO     [2019-07-01 16:44:53,803]  *-*-*-*-*-* start GET (Department  LIST)*-*-*-*-*-*-*
view.py[LINE:118]# INFO     [2019-07-01 16:44:53,807]  *-*-*-*-*-* start GET (Department  LIST)*-*-*-*-*-*-*
view.py[LINE:118]# INFO     [2019-07-01 16:44:53,814]  *-*-*-*-*-* start GET (Department  LIST)*-*-*-*-*-*-*
view.py[LINE:118]# INFO     [2019-07-01 16:44:53,818]  *-*-*-*-*-* start GET (Department  LIST)*-*-*-*-*-*-*
view.py[LINE:118]# INFO     [2019-07-01 16:44:53,822]  *-*-*-*-*-* start GET (Department  LIST)*-*-*-*-*-*-*
view.py[LINE:118]# INFO     [2019-07-01 16:44:53,826]  *-*-*-*-*-* start GET (Department  LIST)*-*-*-*-*-*-*
view.py[LINE:118]# INFO     [2019-07-01 16:44:53,831]  *-*-*-*-*-* start GET (Department  LIST)*-*-*-*-*-*-*
view.py[LINE:118]# INFO     [2019-07-01 16:44:53,835]  *-*-*-*-*-* start GET (Department  LIST)*-*-*-*-*-*-*
view.py[LINE:118]# INFO     [2019-07-01 16:44:53,839]  *-*-*-*-*-* start GET (Department  LIST)*-*-*-*-*-*-*
_internal.py[LINE:122]# INFO     [2019-07-01 16:44:53,846]  127.0.0.1 - - [01/Jul/2019 16:44:53] "GET /worker?birthday_begin=1950-01-01&birthday_end=2020-01-01 HTTP/1.1" 200 -
view.py[LINE:181]# INFO     [2019-07-01 16:44:57,435]  start DELETE WORKER , id : 12
view.py[LINE:184]# INFO     [2019-07-01 16:44:57,481]  save to db : 12
_internal.py[LINE:122]# INFO     [2019-07-01 16:44:57,483]  127.0.0.1 - - [01/Jul/2019 16:44:57] "DELETE /worker/12 HTTP/1.1" 200 -
view.py[LINE:27]# INFO     [2019-07-01 16:44:57,498]  *-*-*-*-*-* start GET (Department  LIST)*-*-*-*-*-*-*
_internal.py[LINE:122]# INFO     [2019-07-01 16:44:57,510]  127.0.0.1 - - [01/Jul/2019 16:44:57] "GET /department HTTP/1.1" 200 -
view.py[LINE:59]# INFO     [2019-07-01 16:44:57,525]  *-*-*-*-*-* start GET (workers_ LIST)*-*-*-*-*-*-*
view.py[LINE:63]# INFO     [2019-07-01 16:44:57,526]  *-*-*-*-*-*  use filter *-*-*-*-*-*-*
view.py[LINE:64]# INFO     [2019-07-01 16:44:57,527]   - 1 if
view.py[LINE:65]# INFO     [2019-07-01 16:44:57,527]  birthday_begin : 1950-01-01
view.py[LINE:66]# INFO     [2019-07-01 16:44:57,527]  birthday_end : 2020-01-01
view.py[LINE:118]# INFO     [2019-07-01 16:44:57,537]  *-*-*-*-*-* start GET (Department  LIST)*-*-*-*-*-*-*
view.py[LINE:118]# INFO     [2019-07-01 16:44:57,545]  *-*-*-*-*-* start GET (Department  LIST)*-*-*-*-*-*-*
view.py[LINE:118]# INFO     [2019-07-01 16:44:57,551]  *-*-*-*-*-* start GET (Department  LIST)*-*-*-*-*-*-*
view.py[LINE:118]# INFO     [2019-07-01 16:44:57,557]  *-*-*-*-*-* start GET (Department  LIST)*-*-*-*-*-*-*
view.py[LINE:118]# INFO     [2019-07-01 16:44:57,565]  *-*-*-*-*-* start GET (Department  LIST)*-*-*-*-*-*-*
view.py[LINE:118]# INFO     [2019-07-01 16:44:57,573]  *-*-*-*-*-* start GET (Department  LIST)*-*-*-*-*-*-*
view.py[LINE:118]# INFO     [2019-07-01 16:44:57,580]  *-*-*-*-*-* start GET (Department  LIST)*-*-*-*-*-*-*
view.py[LINE:118]# INFO     [2019-07-01 16:44:57,583]  *-*-*-*-*-* start GET (Department  LIST)*-*-*-*-*-*-*
view.py[LINE:118]# INFO     [2019-07-01 16:44:57,588]  *-*-*-*-*-* start GET (Department  LIST)*-*-*-*-*-*-*
view.py[LINE:118]# INFO     [2019-07-01 16:44:57,592]  *-*-*-*-*-* start GET (Department  LIST)*-*-*-*-*-*-*
view.py[LINE:118]# INFO     [2019-07-01 16:44:57,598]  *-*-*-*-*-* start GET (Department  LIST)*-*-*-*-*-*-*
_internal.py[LINE:122]# INFO     [2019-07-01 16:44:57,603]  127.0.0.1 - - [01/Jul/2019 16:44:57] "GET /worker?birthday_begin=1950-01-01&birthday_end=2020-01-01 HTTP/1.1" 200 -
view.py[LINE:181]# INFO     [2019-07-01 16:45:28,022]  start DELETE WORKER , id : 12
view.py[LINE:184]# INFO     [2019-07-01 16:45:28,031]  save to db : 12
_internal.py[LINE:122]# INFO     [2019-07-01 16:45:28,033]  127.0.0.1 - - [01/Jul/2019 16:45:28] "DELETE /worker/12 HTTP/1.1" 200 -
view.py[LINE:27]# INFO     [2019-07-01 16:45:28,051]  *-*-*-*-*-* start GET (Department  LIST)*-*-*-*-*-*-*
_internal.py[LINE:122]# INFO     [2019-07-01 16:45:28,058]  127.0.0.1 - - [01/Jul/2019 16:45:28] "GET /department HTTP/1.1" 200 -
view.py[LINE:59]# INFO     [2019-07-01 16:45:28,074]  *-*-*-*-*-* start GET (workers_ LIST)*-*-*-*-*-*-*
view.py[LINE:63]# INFO     [2019-07-01 16:45:28,074]  *-*-*-*-*-*  use filter *-*-*-*-*-*-*
view.py[LINE:64]# INFO     [2019-07-01 16:45:28,075]   - 1 if
view.py[LINE:65]# INFO     [2019-07-01 16:45:28,075]  birthday_begin : 1950-01-01
view.py[LINE:66]# INFO     [2019-07-01 16:45:28,075]  birthday_end : 2020-01-01
view.py[LINE:118]# INFO     [2019-07-01 16:45:28,086]  *-*-*-*-*-* start GET (Department  LIST)*-*-*-*-*-*-*
view.py[LINE:118]# INFO     [2019-07-01 16:45:28,090]  *-*-*-*-*-* start GET (Department  LIST)*-*-*-*-*-*-*
view.py[LINE:118]# INFO     [2019-07-01 16:45:28,102]  *-*-*-*-*-* start GET (Department  LIST)*-*-*-*-*-*-*
view.py[LINE:118]# INFO     [2019-07-01 16:45:28,107]  *-*-*-*-*-* start GET (Department  LIST)*-*-*-*-*-*-*
view.py[LINE:118]# INFO     [2019-07-01 16:45:28,114]  *-*-*-*-*-* start GET (Department  LIST)*-*-*-*-*-*-*
view.py[LINE:118]# INFO     [2019-07-01 16:45:28,120]  *-*-*-*-*-* start GET (Department  LIST)*-*-*-*-*-*-*
view.py[LINE:118]# INFO     [2019-07-01 16:45:28,124]  *-*-*-*-*-* start GET (Department  LIST)*-*-*-*-*-*-*
view.py[LINE:118]# INFO     [2019-07-01 16:45:28,134]  *-*-*-*-*-* start GET (Department  LIST)*-*-*-*-*-*-*
view.py[LINE:118]# INFO     [2019-07-01 16:45:28,140]  *-*-*-*-*-* start GET (Department  LIST)*-*-*-*-*-*-*
view.py[LINE:118]# INFO     [2019-07-01 16:45:28,148]  *-*-*-*-*-* start GET (Department  LIST)*-*-*-*-*-*-*
view.py[LINE:118]# INFO     [2019-07-01 16:45:28,154]  *-*-*-*-*-* start GET (Department  LIST)*-*-*-*-*-*-*
_internal.py[LINE:122]# INFO     [2019-07-01 16:45:28,163]  127.0.0.1 - - [01/Jul/2019 16:45:28] "GET /worker?birthday_begin=1950-01-01&birthday_end=2020-01-01 HTTP/1.1" 200 -
view.py[LINE:181]# INFO     [2019-07-01 16:45:37,711]  start DELETE WORKER , id : 12
view.py[LINE:184]# INFO     [2019-07-01 16:45:37,718]  save to db : 12
_internal.py[LINE:122]# INFO     [2019-07-01 16:45:37,720]  127.0.0.1 - - [01/Jul/2019 16:45:37] "DELETE /worker/12 HTTP/1.1" 200 -
view.py[LINE:27]# INFO     [2019-07-01 16:45:37,732]  *-*-*-*-*-* start GET (Department  LIST)*-*-*-*-*-*-*
_internal.py[LINE:122]# INFO     [2019-07-01 16:45:37,740]  127.0.0.1 - - [01/Jul/2019 16:45:37] "GET /department HTTP/1.1" 200 -
view.py[LINE:59]# INFO     [2019-07-01 16:45:37,753]  *-*-*-*-*-* start GET (workers_ LIST)*-*-*-*-*-*-*
view.py[LINE:63]# INFO     [2019-07-01 16:45:37,754]  *-*-*-*-*-*  use filter *-*-*-*-*-*-*
view.py[LINE:64]# INFO     [2019-07-01 16:45:37,754]   - 1 if
view.py[LINE:65]# INFO     [2019-07-01 16:45:37,754]  birthday_begin : 1950-01-01
view.py[LINE:66]# INFO     [2019-07-01 16:45:37,754]  birthday_end : 2020-01-01
view.py[LINE:118]# INFO     [2019-07-01 16:45:37,760]  *-*-*-*-*-* start GET (Department  LIST)*-*-*-*-*-*-*
view.py[LINE:118]# INFO     [2019-07-01 16:45:37,768]  *-*-*-*-*-* start GET (Department  LIST)*-*-*-*-*-*-*
view.py[LINE:118]# INFO     [2019-07-01 16:45:37,772]  *-*-*-*-*-* start GET (Department  LIST)*-*-*-*-*-*-*
view.py[LINE:118]# INFO     [2019-07-01 16:45:37,779]  *-*-*-*-*-* start GET (Department  LIST)*-*-*-*-*-*-*
view.py[LINE:118]# INFO     [2019-07-01 16:45:37,785]  *-*-*-*-*-* start GET (Department  LIST)*-*-*-*-*-*-*
view.py[LINE:118]# INFO     [2019-07-01 16:45:37,789]  *-*-*-*-*-* start GET (Department  LIST)*-*-*-*-*-*-*
view.py[LINE:118]# INFO     [2019-07-01 16:45:37,795]  *-*-*-*-*-* start GET (Department  LIST)*-*-*-*-*-*-*
view.py[LINE:118]# INFO     [2019-07-01 16:45:37,800]  *-*-*-*-*-* start GET (Department  LIST)*-*-*-*-*-*-*
view.py[LINE:118]# INFO     [2019-07-01 16:45:37,805]  *-*-*-*-*-* start GET (Department  LIST)*-*-*-*-*-*-*
view.py[LINE:118]# INFO     [2019-07-01 16:45:37,811]  *-*-*-*-*-* start GET (Department  LIST)*-*-*-*-*-*-*
view.py[LINE:118]# INFO     [2019-07-01 16:45:37,817]  *-*-*-*-*-* start GET (Department  LIST)*-*-*-*-*-*-*
_internal.py[LINE:122]# INFO     [2019-07-01 16:45:37,826]  127.0.0.1 - - [01/Jul/2019 16:45:37] "GET /worker?birthday_begin=1950-01-01&birthday_end=2020-01-01 HTTP/1.1" 200 -
view.py[LINE:27]# INFO     [2019-07-01 16:46:51,130]  *-*-*-*-*-* start GET (Department  LIST)*-*-*-*-*-*-*
_internal.py[LINE:122]# INFO     [2019-07-01 16:46:51,136]  127.0.0.1 - - [01/Jul/2019 16:46:51] "GET /department HTTP/1.1" 200 -
view.py[LINE:59]# INFO     [2019-07-01 16:46:51,147]  *-*-*-*-*-* start GET (workers_ LIST)*-*-*-*-*-*-*
view.py[LINE:63]# INFO     [2019-07-01 16:46:51,148]  *-*-*-*-*-*  use filter *-*-*-*-*-*-*
view.py[LINE:64]# INFO     [2019-07-01 16:46:51,148]   - 1 if
view.py[LINE:65]# INFO     [2019-07-01 16:46:51,149]  birthday_begin : 1950-01-01
view.py[LINE:66]# INFO     [2019-07-01 16:46:51,149]  birthday_end : 2020-01-01
view.py[LINE:118]# INFO     [2019-07-01 16:46:51,155]  *-*-*-*-*-* start GET (Department  LIST)*-*-*-*-*-*-*
view.py[LINE:118]# INFO     [2019-07-01 16:46:51,161]  *-*-*-*-*-* start GET (Department  LIST)*-*-*-*-*-*-*
view.py[LINE:118]# INFO     [2019-07-01 16:46:51,165]  *-*-*-*-*-* start GET (Department  LIST)*-*-*-*-*-*-*
view.py[LINE:118]# INFO     [2019-07-01 16:46:51,168]  *-*-*-*-*-* start GET (Department  LIST)*-*-*-*-*-*-*
view.py[LINE:118]# INFO     [2019-07-01 16:46:51,172]  *-*-*-*-*-* start GET (Department  LIST)*-*-*-*-*-*-*
view.py[LINE:118]# INFO     [2019-07-01 16:46:51,179]  *-*-*-*-*-* start GET (Department  LIST)*-*-*-*-*-*-*
view.py[LINE:118]# INFO     [2019-07-01 16:46:51,184]  *-*-*-*-*-* start GET (Department  LIST)*-*-*-*-*-*-*
view.py[LINE:118]# INFO     [2019-07-01 16:46:51,190]  *-*-*-*-*-* start GET (Department  LIST)*-*-*-*-*-*-*
view.py[LINE:118]# INFO     [2019-07-01 16:46:51,194]  *-*-*-*-*-* start GET (Department  LIST)*-*-*-*-*-*-*
view.py[LINE:118]# INFO     [2019-07-01 16:46:51,200]  *-*-*-*-*-* start GET (Department  LIST)*-*-*-*-*-*-*
view.py[LINE:118]# INFO     [2019-07-01 16:46:51,203]  *-*-*-*-*-* start GET (Department  LIST)*-*-*-*-*-*-*
_internal.py[LINE:122]# INFO     [2019-07-01 16:46:51,211]  127.0.0.1 - - [01/Jul/2019 16:46:51] "GET /worker?birthday_begin=1950-01-01&birthday_end=2020-01-01 HTTP/1.1" 200 -
